  [1m[35m (0.5ms)[0m  [1m[35mCREATE TABLE "schema_migrations" ("version" varchar NOT NULL PRIMARY KEY)[0m
  [1m[35m (0.3ms)[0m  [1m[35mCREATE TABLE "ar_internal_metadata" ("key" varchar NOT NULL PRIMARY KEY, "value" varchar, "created_at" datetime(6) NOT NULL, "updated_at" datetime(6) NOT NULL)[0m
  [1m[36mActiveRecord::SchemaMigration Pluck (0.1ms)[0m  [1m[34mSELECT "schema_migrations"."version" FROM "schema_migrations" ORDER BY "schema_migrations"."version" ASC[0m
Migrating to CreateMovies (20230223023602)
  [1m[36mTRANSACTION (0.0ms)[0m  [1m[36mbegin transaction[0m
  [1m[35m (0.2ms)[0m  [1m[35mCREATE TABLE "movies" ("id" integer PRIMARY KEY AUTOINCREMENT NOT NULL, "title" varchar, "year" integer, "length" integer, "director" varchar, "description" varchar, "poster_url" varchar, "category" varchar, "discount" boolean, "female_director" boolean, "created_at" datetime(6) NOT NULL, "updated_at" datetime(6) NOT NULL)[0m
  [1m[36mActiveRecord::SchemaMigration Create (0.1ms)[0m  [1m[32mINSERT INTO "schema_migrations" ("version") VALUES (?)[0m  [["version", "20230223023602"]]
  [1m[36mTRANSACTION (0.4ms)[0m  [1m[36mcommit transaction[0m
  [1m[36mActiveRecord::InternalMetadata Load (0.1ms)[0m  [1m[34mSELECT "ar_internal_metadata".* FROM "ar_internal_metadata" WHERE "ar_internal_metadata"."key" = ? LIMIT ?[0m  [["key", "environment"], ["LIMIT", 1]]
  [1m[36mTRANSACTION (0.0ms)[0m  [1m[36mbegin transaction[0m
  [1m[36mActiveRecord::InternalMetadata Create (0.2ms)[0m  [1m[32mINSERT INTO "ar_internal_metadata" ("key", "value", "created_at", "updated_at") VALUES (?, ?, ?, ?)[0m  [["key", "environment"], ["value", "development"], ["created_at", "2023-02-23 02:36:09.662908"], ["updated_at", "2023-02-23 02:36:09.662908"]]
  [1m[36mTRANSACTION (0.3ms)[0m  [1m[36mcommit transaction[0m
  [1m[36mActiveRecord::SchemaMigration Pluck (0.0ms)[0m  [1m[34mSELECT "schema_migrations"."version" FROM "schema_migrations" ORDER BY "schema_migrations"."version" ASC[0m
  [1m[36mActiveRecord::SchemaMigration Pluck (0.0ms)[0m  [1m[34mSELECT "schema_migrations"."version" FROM "schema_migrations" ORDER BY "schema_migrations"."version" ASC[0m
Started GET "/" for ::1 at 2023-02-22 21:37:15 -0500
  [1m[36mActiveRecord::SchemaMigration Pluck (0.1ms)[0m  [1m[34mSELECT "schema_migrations"."version" FROM "schema_migrations" ORDER BY "schema_migrations"."version" ASC[0m
Processing by Rails::WelcomeController#index as HTML
  Rendering /Users/bstignzales/.rvm/rubies/ruby-2.7.4/lib/ruby/gems/2.7.0/gems/railties-7.0.4.2/lib/rails/templates/rails/welcome/index.html.erb
  Rendered /Users/bstignzales/.rvm/rubies/ruby-2.7.4/lib/ruby/gems/2.7.0/gems/railties-7.0.4.2/lib/rails/templates/rails/welcome/index.html.erb (Duration: 0.9ms | Allocations: 711)
Completed 200 OK in 4ms (Views: 2.5ms | ActiveRecord: 0.0ms | Allocations: 3359)


Started GET "/movies" for ::1 at 2023-02-22 21:37:20 -0500
Processing by MoviesController#index as HTML
Completed 500 Internal Server Error in 5ms (ActiveRecord: 0.0ms | Allocations: 1672)


  
NameError (uninitialized constant MoviesController::Movies):
  
app/controllers/movies_controller.rb:4:in `index'
Started GET "/movie" for ::1 at 2023-02-22 21:37:44 -0500
  
ActionController::RoutingError (No route matches [GET] "/movie"):
  
Started GET "/movies" for ::1 at 2023-02-22 21:37:47 -0500
Processing by MoviesController#index as HTML
  [1m[36mMovie Load (3.9ms)[0m  [1m[34mSELECT "movies".* FROM "movies"[0m
  ↳ app/controllers/movies_controller.rb:5:in `index'
Completed 200 OK in 11ms (Views: 7.2ms | ActiveRecord: 4.5ms | Allocations: 1211)


Started GET "/movies" for ::1 at 2023-02-22 21:38:17 -0500
Processing by MoviesController#index as HTML
  [1m[36mMovie Load (0.2ms)[0m  [1m[34mSELECT "movies".* FROM "movies"[0m
  ↳ app/controllers/movies_controller.rb:5:in `index'
Completed 200 OK in 3ms (Views: 2.8ms | ActiveRecord: 0.2ms | Allocations: 600)


  [1m[36mMovie Load (0.3ms)[0m  [1m[34mSELECT "movies".* FROM "movies"[0m
  [1m[36mTRANSACTION (0.1ms)[0m  [1m[36mbegin transaction[0m
  [1m[36mMovie Create (0.5ms)[0m  [1m[32mINSERT INTO "movies" ("title", "year", "length", "director", "description", "poster_url", "category", "discount", "female_director", "created_at", "updated_at") VALUES (?, ?, ?, ?, ?, ?, ?, ?, ?, ?, ?)[0m  [["title", "Something new"], ["year", 2005], ["length", 3], ["director", "Steven"], ["description", nil], ["poster_url", nil], ["category", nil], ["discount", nil], ["female_director", nil], ["created_at", "2023-02-23 02:40:14.958279"], ["updated_at", "2023-02-23 02:40:14.958279"]]
  [1m[36mTRANSACTION (0.6ms)[0m  [1m[36mcommit transaction[0m
Started GET "/movies" for ::1 at 2023-02-22 21:40:17 -0500
Processing by MoviesController#index as HTML
  [1m[36mMovie Load (0.1ms)[0m  [1m[34mSELECT "movies".* FROM "movies"[0m
  ↳ app/controllers/movies_controller.rb:5:in `index'
Completed 200 OK in 18ms (Views: 16.4ms | ActiveRecord: 0.9ms | Allocations: 20663)


