  [1m[35m (0.4ms)[0m  [1m[34mSELECT sqlite_version(*)[0m
  [1m[35m (0.4ms)[0m  [1m[35mCREATE TABLE "schema_migrations" ("version" varchar NOT NULL PRIMARY KEY)[0m
  [1m[35m (0.3ms)[0m  [1m[35mCREATE TABLE "ar_internal_metadata" ("key" varchar NOT NULL PRIMARY KEY, "value" varchar, "created_at" datetime(6) NOT NULL, "updated_at" datetime(6) NOT NULL)[0m
  [1m[35m (0.0ms)[0m  [1m[34mSELECT "schema_migrations"."version" FROM "schema_migrations" ORDER BY "schema_migrations"."version" ASC[0m
Migrating to CreateStudents (20210430181635)
  [1m[36mTRANSACTION (0.0ms)[0m  [1m[36mbegin transaction[0m
  [1m[35m (0.2ms)[0m  [1m[35mCREATE TABLE "students" ("id" integer PRIMARY KEY AUTOINCREMENT NOT NULL, "first_name" varchar, "last_name" varchar, "grade" integer, "created_at" datetime(6) NOT NULL, "updated_at" datetime(6) NOT NULL)[0m
  [1m[36mActiveRecord::SchemaMigration Create (0.1ms)[0m  [1m[32mINSERT INTO "schema_migrations" ("version") VALUES (?)[0m  [["version", "20210430181635"]]
  [1m[36mTRANSACTION (0.3ms)[0m  [1m[36mcommit transaction[0m
  [1m[36mActiveRecord::InternalMetadata Load (0.0ms)[0m  [1m[34mSELECT "ar_internal_metadata".* FROM "ar_internal_metadata" WHERE "ar_internal_metadata"."key" = ? LIMIT ?[0m  [["key", "environment"], ["LIMIT", 1]]
  [1m[36mTRANSACTION (0.0ms)[0m  [1m[36mbegin transaction[0m
  [1m[36mActiveRecord::InternalMetadata Create (0.3ms)[0m  [1m[32mINSERT INTO "ar_internal_metadata" ("key", "value", "created_at", "updated_at") VALUES (?, ?, ?, ?)[0m  [["key", "environment"], ["value", "development"], ["created_at", "2023-02-21 17:57:08.529616"], ["updated_at", "2023-02-21 17:57:08.529616"]]
  [1m[36mTRANSACTION (0.3ms)[0m  [1m[36mcommit transaction[0m
  [1m[35m (0.0ms)[0m  [1m[34mSELECT sqlite_version(*)[0m
  [1m[35m (0.0ms)[0m  [1m[34mSELECT "schema_migrations"."version" FROM "schema_migrations" ORDER BY "schema_migrations"."version" ASC[0m
  [1m[35m (0.0ms)[0m  [1m[34mSELECT sqlite_version(*)[0m
  [1m[35m (0.0ms)[0m  [1m[34mSELECT "schema_migrations"."version" FROM "schema_migrations" ORDER BY "schema_migrations"."version" ASC[0m
  [1m[35m (0.0ms)[0m  [1m[34mSELECT sqlite_version(*)[0m
  [1m[36mTRANSACTION (0.0ms)[0m  [1m[36mbegin transaction[0m
  [1m[36mStudent Create (0.2ms)[0m  [1m[32mINSERT INTO "students" ("first_name", "last_name", "grade", "created_at", "updated_at") VALUES (?, ?, ?, ?, ?)[0m  [["first_name", "Dwayne"], ["last_name", "Johnson"], ["grade", 99], ["created_at", "2023-02-21 17:57:08.542652"], ["updated_at", "2023-02-21 17:57:08.542652"]]
  [1m[36mTRANSACTION (0.3ms)[0m  [1m[36mcommit transaction[0m
  [1m[36mTRANSACTION (0.0ms)[0m  [1m[36mbegin transaction[0m
  [1m[36mStudent Create (0.1ms)[0m  [1m[32mINSERT INTO "students" ("first_name", "last_name", "grade", "created_at", "updated_at") VALUES (?, ?, ?, ?, ?)[0m  [["first_name", "Idris"], ["last_name", "Elba"], ["grade", 105], ["created_at", "2023-02-21 17:57:08.544117"], ["updated_at", "2023-02-21 17:57:08.544117"]]
  [1m[36mTRANSACTION (0.2ms)[0m  [1m[36mcommit transaction[0m
  [1m[36mTRANSACTION (0.0ms)[0m  [1m[36mbegin transaction[0m
  [1m[36mStudent Create (0.1ms)[0m  [1m[32mINSERT INTO "students" ("first_name", "last_name", "grade", "created_at", "updated_at") VALUES (?, ?, ?, ?, ?)[0m  [["first_name", "Vanessa"], ["last_name", "Kirby"], ["grade", 85], ["created_at", "2023-02-21 17:57:08.545261"], ["updated_at", "2023-02-21 17:57:08.545261"]]
  [1m[36mTRANSACTION (0.3ms)[0m  [1m[36mcommit transaction[0m
  [1m[36mTRANSACTION (0.0ms)[0m  [1m[36mbegin transaction[0m
  [1m[36mStudent Create (0.2ms)[0m  [1m[32mINSERT INTO "students" ("first_name", "last_name", "grade", "created_at", "updated_at") VALUES (?, ?, ?, ?, ?)[0m  [["first_name", "Jason"], ["last_name", "Statham"], ["grade", 70], ["created_at", "2023-02-21 17:57:08.546536"], ["updated_at", "2023-02-21 17:57:08.546536"]]
  [1m[36mTRANSACTION (0.3ms)[0m  [1m[36mcommit transaction[0m
