Started GET "/" for ::1 at 2023-02-23 09:32:04 -0500
  [1m[35m (0.8ms)[0m  [1m[34mSELECT sqlite_version(*)[0m
  [1m[35m (0.1ms)[0m  [1m[34mSELECT "schema_migrations"."version" FROM "schema_migrations" ORDER BY "schema_migrations"."version" ASC[0m
Processing by Rails::WelcomeController#index as HTML
  Rendering /Users/bstignzales/.rvm/gems/ruby-2.7.4/gems/railties-6.1.3.2/lib/rails/templates/rails/welcome/index.html.erb
  Rendered /Users/bstignzales/.rvm/gems/ruby-2.7.4/gems/railties-6.1.3.2/lib/rails/templates/rails/welcome/index.html.erb (Duration: 3.8ms | Allocations: 343)
Completed 200 OK in 7ms (Views: 5.5ms | ActiveRecord: 0.0ms | Allocations: 1826)


Started GET "/movies" for 127.0.0.1 at 2023-02-23 09:32:36 -0500
Processing by MoviesController#index as */*
  [1m[36mMovie Load (0.2ms)[0m  [1m[34mSELECT "movies".* FROM "movies"[0m
  ↳ app/controllers/movies_controller.rb:4:in `index'
Completed 200 OK in 14ms (Views: 12.5ms | ActiveRecord: 1.0ms | Allocations: 11258)


Started GET "/movies" for 127.0.0.1 at 2023-02-23 09:32:36 -0500
Processing by MoviesController#index as */*
  [1m[36mMovie Load (0.1ms)[0m  [1m[34mSELECT "movies".* FROM "movies"[0m
  ↳ app/controllers/movies_controller.rb:4:in `index'
Completed 200 OK in 3ms (Views: 2.5ms | ActiveRecord: 0.1ms | Allocations: 4903)


Started GET "/movies" for 127.0.0.1 at 2023-02-23 09:32:42 -0500
Processing by MoviesController#index as */*
  [1m[36mMovie Load (0.2ms)[0m  [1m[34mSELECT "movies".* FROM "movies"[0m
  ↳ app/controllers/movies_controller.rb:4:in `index'
Completed 200 OK in 5ms (Views: 4.6ms | ActiveRecord: 0.2ms | Allocations: 4903)


Started GET "/movies" for 127.0.0.1 at 2023-02-23 09:34:40 -0500
  [1m[35m (0.4ms)[0m  [1m[34mSELECT sqlite_version(*)[0m
  [1m[35m (0.1ms)[0m  [1m[34mSELECT "schema_migrations"."version" FROM "schema_migrations" ORDER BY "schema_migrations"."version" ASC[0m
Processing by MoviesController#index as */*
  [1m[36mMovie Load (0.2ms)[0m  [1m[34mSELECT "movies".* FROM "movies"[0m
  ↳ app/controllers/movies_controller.rb:4:in `index'
Completed 200 OK in 11ms (Views: 6.7ms | ActiveRecord: 0.4ms | Allocations: 14409)


Started GET "/movies" for 127.0.0.1 at 2023-02-23 09:34:40 -0500
Processing by MoviesController#index as */*
  [1m[36mMovie Load (4.9ms)[0m  [1m[34mSELECT "movies".* FROM "movies"[0m
  ↳ app/controllers/movies_controller.rb:4:in `index'
Completed 200 OK in 8ms (Views: 2.7ms | ActiveRecord: 4.9ms | Allocations: 4905)


Started GET "/" for ::1 at 2023-02-23 09:34:42 -0500
Processing by Rails::WelcomeController#index as HTML
  Rendering /Users/bstignzales/.rvm/gems/ruby-2.7.4/gems/railties-6.1.3.2/lib/rails/templates/rails/welcome/index.html.erb
  Rendered /Users/bstignzales/.rvm/gems/ruby-2.7.4/gems/railties-6.1.3.2/lib/rails/templates/rails/welcome/index.html.erb (Duration: 8.0ms | Allocations: 343)
Completed 200 OK in 19ms (Views: 13.9ms | ActiveRecord: 0.0ms | Allocations: 1827)


Started GET "/movies" for ::1 at 2023-02-23 09:34:45 -0500
Processing by MoviesController#index as HTML
  [1m[36mMovie Load (0.3ms)[0m  [1m[34mSELECT "movies".* FROM "movies"[0m
  ↳ app/controllers/movies_controller.rb:4:in `index'
Completed 200 OK in 9ms (Views: 8.1ms | ActiveRecord: 0.3ms | Allocations: 4879)


